[debug] [2025-01-06T17:19:12.053Z] ----------------------------------------------------------------------
[debug] [2025-01-06T17:19:12.056Z] Command:       C:\Program Files\nodejs\node.exe C:\Users\iamab\AppData\Roaming\npm\node_modules\firebase-tools\lib\bin\firebase.js init hosting
[debug] [2025-01-06T17:19:12.057Z] CLI Version:   13.29.1
[debug] [2025-01-06T17:19:12.057Z] Platform:      win32
[debug] [2025-01-06T17:19:12.057Z] Node Version:  v20.10.0
[debug] [2025-01-06T17:19:12.057Z] Time:          Mon Jan 06 2025 22:49:12 GMT+0530 (India Standard Time)
[debug] [2025-01-06T17:19:12.057Z] ----------------------------------------------------------------------
[debug] 
[debug] [2025-01-06T17:19:12.064Z] > command requires scopes: ["email","openid","https://www.googleapis.com/auth/cloudplatformprojects.readonly","https://www.googleapis.com/auth/firebase","https://www.googleapis.com/auth/cloud-platform"]
[debug] [2025-01-06T17:19:12.064Z] > authorizing via signed-in user (iamabishekmadhav@gmail.com)
[info] 
     ######## #### ########  ######## ########     ###     ######  ########
     ##        ##  ##     ## ##       ##     ##  ##   ##  ##       ##
     ######    ##  ########  ######   ########  #########  ######  ######
     ##        ##  ##    ##  ##       ##     ## ##     ##       ## ##
     ##       #### ##     ## ######## ########  ##     ##  ######  ########

You're about to initialize a Firebase project in this directory:

  C:\Users\iamab\Documents\Project_winter

[info] 
=== Project Setup
[info] 
[info] First, let's associate this project directory with a Firebase project.
[info] You can create multiple project aliases by running firebase use --add, 
[info] but for now we'll just set up a default project.
[info] 
[debug] [2025-01-06T17:19:21.099Z] Checked if tokens are valid: true, expires at: 1736187201027
[debug] [2025-01-06T17:19:21.100Z] Checked if tokens are valid: true, expires at: 1736187201027
[debug] [2025-01-06T17:19:21.105Z] >>> [apiv2][query] GET https://firebase.googleapis.com/v1beta1/projects pageSize=100
[debug] [2025-01-06T17:19:22.196Z] <<< [apiv2][status] GET https://firebase.googleapis.com/v1beta1/projects 200
[debug] [2025-01-06T17:19:22.197Z] <<< [apiv2][body] GET https://firebase.googleapis.com/v1beta1/projects [omitted]
[info] i  Using project musify-2ad60 (Musify) 
[info] 
=== Hosting Setup
[debug] [2025-01-06T17:19:26.018Z] Checked if tokens are valid: true, expires at: 1736187201027
[debug] [2025-01-06T17:19:26.018Z] Checked if tokens are valid: true, expires at: 1736187201027
[debug] [2025-01-06T17:19:26.019Z] >>> [apiv2][query] GET https://firebase.googleapis.com/v1beta1/projects/musify-2ad60 [none]
[debug] [2025-01-06T17:19:26.479Z] <<< [apiv2][status] GET https://firebase.googleapis.com/v1beta1/projects/musify-2ad60 200
[debug] [2025-01-06T17:19:26.480Z] <<< [apiv2][body] GET https://firebase.googleapis.com/v1beta1/projects/musify-2ad60 {"projectId":"musify-2ad60","projectNumber":"591751653526","displayName":"Musify","name":"projects/musify-2ad60","resources":{"hostingSite":"musify-2ad60","realtimeDatabaseInstance":"musify-2ad60-default-rtdb"},"state":"ACTIVE","etag":"1_de81ca88-3dd1-4701-957c-50b6b36c5dc9"}
[info] 
[info] Your public directory is the folder (relative to your project directory) that
[info] will contain Hosting assets to be uploaded with firebase deploy. If you
[info] have a build process for your assets, use your build's output directory.
[info] 
